c:\users\burakcan\documents\vısual studıo 2013\projects\getframe\getframe\x64\debug\getframe.pch
c:\users\burakcan\documents\vısual studıo 2013\projects\getframe\getframe\x64\debug\vc120.pdb
c:\users\burakcan\documents\vısual studıo 2013\projects\getframe\getframe\x64\debug\vc120.ıdb
c:\users\burakcan\documents\vısual studıo 2013\projects\getframe\getframe\x64\debug\stdafx.obj
c:\users\burakcan\documents\vısual studıo 2013\projects\getframe\getframe\x64\debug\getframe.obj
c:\users\burakcan\documents\vısual studıo 2013\projects\getframe\x64\debug\getframe.ılk
c:\users\burakcan\documents\vısual studıo 2013\projects\getframe\x64\debug\getframe.exe
c:\users\burakcan\documents\vısual studıo 2013\projects\getframe\x64\debug\getframe.pdb
c:\users\burakcan\documents\visual studio 2013\projects\getframe\getframe\x64\debug\getframe.obj
c:\users\burakcan\documents\visual studio 2013\projects\getframe\getframe\x64\debug\stdafx.obj
c:\users\burakcan\documents\visual studio 2013\projects\getframe\getframe\x64\debug\getframe.pch
c:\users\burakcan\documents\visual studio 2013\projects\getframe\getframe\x64\debug\vc120.idb
c:\users\burakcan\documents\visual studio 2013\projects\getframe\getframe\x64\debug\vc120.pdb
c:\users\burakcan\documents\visual studio 2013\projects\getframe\x64\debug\getframe.pdb
c:\users\burakcan\documents\visual studio 2013\projects\getframe\x64\debug\getframe.exe
c:\users\burakcan\documents\visual studio 2013\projects\getframe\x64\debug\getframe.ilk
c:\users\burakcan\documents\visual studio 2013\projects\getframe\getframe\x64\debug\getframe.tlog\cl.command.1.tlog
c:\users\burakcan\documents\visual studio 2013\projects\getframe\getframe\x64\debug\getframe.tlog\cl.read.1.tlog
c:\users\burakcan\documents\visual studio 2013\projects\getframe\getframe\x64\debug\getframe.tlog\cl.write.1.tlog
c:\users\burakcan\documents\visual studio 2013\projects\getframe\getframe\x64\debug\getframe.tlog\link.command.1.tlog
c:\users\burakcan\documents\visual studio 2013\projects\getframe\getframe\x64\debug\getframe.tlog\link.read.1.tlog
c:\users\burakcan\documents\visual studio 2013\projects\getframe\getframe\x64\debug\getframe.tlog\link.write.1.tlog
